Using pre-set license
Built from '2020.3/staging' branch; Version is '2020.3.22f1 (e1a7f79fd887) revision 14788599'; Using compiler version '192528614'; Build Type 'Release'
OS: 'Windows 10 Home; OS build 19042.1348; Version 2009; 64bit' Language: 'en' Physical Memory: 8118 MB
BatchMode: 1, IsHumanControllingUs: 0, StartBugReporterOnCrash: 0, Is64bit: 1, IsPro: 0

COMMAND LINE ARGUMENTS:
C:\Program Files\Unity\Hub\Editor\2020.3.22f1\Editor\Unity.exe
-adb2
-batchMode
-noUpm
-name
AssetImportWorker0
-projectPath
C:/Users/97252/UnityProjects/Assignment4
-logFile
Logs/AssetImportWorker0.log
-srvPort
60500
Successfully changed project path to: C:/Users/97252/UnityProjects/Assignment4
C:/Users/97252/UnityProjects/Assignment4
Using Asset Import Pipeline V2.
Refreshing native plugins compatible for Editor in 40.43 ms, found 2 plugins.
Preloading 0 native plugins for Editor in 0.00 ms.
Initialize engine version: 2020.3.22f1 (e1a7f79fd887)
[Subsystems] Discovering subsystems at path C:/Program Files/Unity/Hub/Editor/2020.3.22f1/Editor/Data/Resources/UnitySubsystems
[Subsystems] Discovering subsystems at path C:/Users/97252/UnityProjects/Assignment4/Assets
GfxDevice: creating device client; threaded=0
Direct3D:
    Version:  Direct3D 11.0 [level 11.1]
    Renderer: AMD Radeon RX 5600 XT (ID=0x731f)
    Vendor:   
    VRAM:     6103 MB
    Driver:   27.20.22023.1004
Initialize mono
Mono path[0] = 'C:/Program Files/Unity/Hub/Editor/2020.3.22f1/Editor/Data/Managed'
Mono path[1] = 'C:/Program Files/Unity/Hub/Editor/2020.3.22f1/Editor/Data/MonoBleedingEdge/lib/mono/unityjit'
Mono config path = 'C:/Program Files/Unity/Hub/Editor/2020.3.22f1/Editor/Data/MonoBleedingEdge/etc'
Using monoOptions --debugger-agent=transport=dt_socket,embedding=1,server=y,suspend=n,address=127.0.0.1:56904
Begin MonoManager ReloadAssembly
Registering precompiled unity dll's ...
Register platform support module: C:/Program Files/Unity/Hub/Editor/2020.3.22f1/Editor/Data/PlaybackEngines/WindowsStandaloneSupport/UnityEditor.WindowsStandalone.Extensions.dll
Registered in 0.001787 seconds.
Native extension for WindowsStandalone target not found
Refreshing native plugins compatible for Editor in 34.90 ms, found 2 plugins.
Preloading 0 native plugins for Editor in 0.00 ms.
Mono: successfully reloaded assembly
- Completed reload, in  1.161 seconds
Domain Reload Profiling:
	ReloadAssembly (1161ms)
		BeginReloadAssembly (73ms)
			ExecutionOrderSort (0ms)
			DisableScriptedObjects (0ms)
			BackupInstance (0ms)
			ReleaseScriptingObjects (0ms)
			CreateAndSetChildDomain (1ms)
		EndReloadAssembly (554ms)
			LoadAssemblies (71ms)
			RebuildTransferFunctionScriptingTraits (0ms)
			SetupTypeCache (210ms)
			ReleaseScriptCaches (0ms)
			RebuildScriptCaches (39ms)
			SetupLoadedEditorAssemblies (178ms)
				LogAssemblyErrors (0ms)
				InitializePlatformSupportModulesInManaged (4ms)
				SetLoadedEditorAssemblies (0ms)
				RefreshPlugins (35ms)
				BeforeProcessingInitializeOnLoad (20ms)
				ProcessInitializeOnLoadAttributes (87ms)
				ProcessInitializeOnLoadMethodAttributes (31ms)
				AfterProcessingInitializeOnLoad (0ms)
				EditorAssembliesLoaded (0ms)
			ExecutionOrderSort2 (0ms)
			AwakeInstancesAfterBackupRestoration (0ms)
Platform modules already initialized, skipping
Registering precompiled user dll's ...
Registered in 0.003720 seconds.
Begin MonoManager ReloadAssembly
Native extension for WindowsStandalone target not found
Refreshing native plugins compatible for Editor in 0.34 ms, found 2 plugins.
Preloading 0 native plugins for Editor in 0.00 ms.
Mono: successfully reloaded assembly
- Completed reload, in  1.148 seconds
Domain Reload Profiling:
	ReloadAssembly (1149ms)
		BeginReloadAssembly (172ms)
			ExecutionOrderSort (0ms)
			DisableScriptedObjects (5ms)
			BackupInstance (0ms)
			ReleaseScriptingObjects (0ms)
			CreateAndSetChildDomain (19ms)
		EndReloadAssembly (913ms)
			LoadAssemblies (94ms)
			RebuildTransferFunctionScriptingTraits (0ms)
			SetupTypeCache (315ms)
			ReleaseScriptCaches (0ms)
			RebuildScriptCaches (45ms)
			SetupLoadedEditorAssemblies (343ms)
				LogAssemblyErrors (0ms)
				InitializePlatformSupportModulesInManaged (6ms)
				SetLoadedEditorAssemblies (0ms)
				RefreshPlugins (0ms)
				BeforeProcessingInitializeOnLoad (85ms)
				ProcessInitializeOnLoadAttributes (237ms)
				ProcessInitializeOnLoadMethodAttributes (9ms)
				AfterProcessingInitializeOnLoad (5ms)
				EditorAssembliesLoaded (0ms)
			ExecutionOrderSort2 (0ms)
			AwakeInstancesAfterBackupRestoration (8ms)
Platform modules already initialized, skipping
========================================================================
Worker process is ready to serve import requests
Launched and connected shader compiler UnityShaderCompiler.exe after 0.09 seconds
Refreshing native plugins compatible for Editor in 0.50 ms, found 2 plugins.
Preloading 0 native plugins for Editor in 0.00 ms.
Unloading 1488 Unused Serialized files (Serialized files now loaded: 0)
System memory in use before: 67.1 MB.
System memory in use after: 67.2 MB.

Unloading 19 unused Assets to reduce memory usage. Loaded Objects now: 1920.
Total: 4.313200 ms (FindLiveObjects: 0.192000 ms CreateObjectMapping: 0.047600 ms MarkObjects: 3.970500 ms  DeleteObjects: 0.101600 ms)

AssetImportParameters requested are different than current active one (requested -> active):
  custom:framework-win-MediaFoundation: 216162199b28c13a410421893ffa2e32 -> 
  custom:video-decoder-ogg-theora: a1e56fd34408186e4bbccfd4996cb3dc -> 
  custom:container-muxer-webm: aa71ff27fc2769a1b78a27578f13a17b -> 
  custom:container-demuxer-webm: 4f35f7cbe854078d1ac9338744f61a02 -> 
  custom:container-demuxer-ogg: 62fdf1f143b41e24485cea50d1cbac27 -> 
  custom:video-encoder-webm-vp8: eb34c28f22e8b96e1ab97ce403110664 -> 
  custom:video-decoder-webm-vp8: 9c59270c3fd7afecdb556c50c9e8de78 -> 
  custom:audio-decoder-ogg-vorbis: bf7c407c2cedff20999df2af8eb42d56 -> 
  custom:audio-encoder-webm-vorbis: bf7c407c2cedff20999df2af8eb42d56 -> 
========================================================================
Received Import Request.
  path: Assets
  artifactKey: Guid(00000000000000001000000000000000) Importer(815301076,1909f56bfc062723c751e8b465ee728b)
Start importing Assets using Guid(00000000000000001000000000000000) Importer(815301076,1909f56bfc062723c751e8b465ee728b)  -> (artifact id: '42d402b061de3733987d63b9cc3b64de') in 0.012383 seconds 
  Import took 0.019459 seconds .

========================================================================
Received Import Request.
  Time since last request: 0.455509 seconds.
  path: Assets/Materials
  artifactKey: Guid(0414aec1d1b57914c80fef61685d1a5f) Importer(815301076,1909f56bfc062723c751e8b465ee728b)
Start importing Assets/Materials using Guid(0414aec1d1b57914c80fef61685d1a5f) Importer(815301076,1909f56bfc062723c751e8b465ee728b)  -> (artifact id: '5558f66c9787b1f3b1827055e6b7103c') in 0.009986 seconds 
  Import took 0.014617 seconds .

========================================================================
Received Import Request.
  Time since last request: 8.030793 seconds.
  path: Assets/Materials/Floor.mat
  artifactKey: Guid(913cd4d468a22334e8ee0de79edd459f) Importer(815301076,1909f56bfc062723c751e8b465ee728b)
Start importing Assets/Materials/Floor.mat using Guid(913cd4d468a22334e8ee0de79edd459f) Importer(815301076,1909f56bfc062723c751e8b465ee728b)  -> (artifact id: '6d75ea997a1c2c37933444bc90f81993') in 0.151686 seconds 
  Import took 0.155333 seconds .

========================================================================
Received Import Request.
  Time since last request: 889.709593 seconds.
  path: Assets/Materials/Platforms.mat
  artifactKey: Guid(ac49ffd967cc1f541950cfe770bf69ae) Importer(815301076,1909f56bfc062723c751e8b465ee728b)
Start importing Assets/Materials/Platforms.mat using Guid(ac49ffd967cc1f541950cfe770bf69ae) Importer(815301076,1909f56bfc062723c751e8b465ee728b)  -> (artifact id: '19fba34d2c2ca6c0da09986de3a0779f') in 0.032140 seconds 
  Import took 0.037301 seconds .

========================================================================
Received Import Request.
  Time since last request: 84.193748 seconds.
  path: Assets/Materials/Disappearing Platforms.mat
  artifactKey: Guid(26dd73659a4e68449b593a1a0880e537) Importer(815301076,1909f56bfc062723c751e8b465ee728b)
Start importing Assets/Materials/Disappearing Platforms.mat using Guid(26dd73659a4e68449b593a1a0880e537) Importer(815301076,1909f56bfc062723c751e8b465ee728b)  -> (artifact id: '79c41aa9a0a7bb2a3e22f813ab4cc33c') in 0.021874 seconds 
  Import took 0.027088 seconds .

========================================================================
Received Import Request.
  Time since last request: 442.188950 seconds.
  path: Assets/Materials/Disappearing Platforms.mat
  artifactKey: Guid(26dd73659a4e68449b593a1a0880e537) Importer(815301076,1909f56bfc062723c751e8b465ee728b)
Start importing Assets/Materials/Disappearing Platforms.mat using Guid(26dd73659a4e68449b593a1a0880e537) Importer(815301076,1909f56bfc062723c751e8b465ee728b)  -> (artifact id: '3de03e942339c86c5062852452acec53') in 0.021133 seconds 
  Import took 0.026158 seconds .

========================================================================
Received Import Request.
  Time since last request: 0.000252 seconds.
  path: Assets/Materials/Floor.mat
  artifactKey: Guid(913cd4d468a22334e8ee0de79edd459f) Importer(815301076,1909f56bfc062723c751e8b465ee728b)
Start importing Assets/Materials/Floor.mat using Guid(913cd4d468a22334e8ee0de79edd459f) Importer(815301076,1909f56bfc062723c751e8b465ee728b)  -> (artifact id: 'ff91e9dbce0274598c9b88a821228bde') in 0.018110 seconds 
  Import took 0.021827 seconds .

========================================================================
Received Import Request.
  Time since last request: 0.000310 seconds.
  path: Assets/Materials/Platforms.mat
  artifactKey: Guid(ac49ffd967cc1f541950cfe770bf69ae) Importer(815301076,1909f56bfc062723c751e8b465ee728b)
Start importing Assets/Materials/Platforms.mat using Guid(ac49ffd967cc1f541950cfe770bf69ae) Importer(815301076,1909f56bfc062723c751e8b465ee728b)  -> (artifact id: 'eeeff657a893abaff7937c19ef85bc7f') in 0.017098 seconds 
  Import took 0.021359 seconds .

========================================================================
Received Import Request.
  Time since last request: 27.623531 seconds.
  path: Assets/Materials/Disappearing Platforms.mat
  artifactKey: Guid(26dd73659a4e68449b593a1a0880e537) Importer(815301076,1909f56bfc062723c751e8b465ee728b)
Start importing Assets/Materials/Disappearing Platforms.mat using Guid(26dd73659a4e68449b593a1a0880e537) Importer(815301076,1909f56bfc062723c751e8b465ee728b)  -> (artifact id: 'd4e73d00bc287840440afbfef691c6e7') in 0.012906 seconds 
  Import took 0.017073 seconds .

========================================================================
Received Import Request.
  Time since last request: 38.132949 seconds.
  path: ProjectSettings/TagManager.asset
  artifactKey: Guid(00000000000000003000000000000000) Importer(815301076,1909f56bfc062723c751e8b465ee728b)
Start importing ProjectSettings/TagManager.asset using Guid(00000000000000003000000000000000) Importer(815301076,1909f56bfc062723c751e8b465ee728b)  -> (artifact id: 'ce6a35c3cddc746e7501c0bd0ed6d4ce') in 0.009205 seconds 
  Import took 0.013314 seconds .

========================================================================
Received Import Request.
  Time since last request: 147.500255 seconds.
  path: Assets/Materials/Walls.mat
  artifactKey: Guid(23d886ca792ffcf478f2b001e49bb065) Importer(815301076,1909f56bfc062723c751e8b465ee728b)
Start importing Assets/Materials/Walls.mat using Guid(23d886ca792ffcf478f2b001e49bb065) Importer(815301076,1909f56bfc062723c751e8b465ee728b)  -> (artifact id: 'a5130a56df7a812a84cb14e579afc11d') in 0.021059 seconds 
  Import took 0.025199 seconds .

